<?xml version="1.0" encoding="UTF-8"?>
<testsuite xmlns:xsi="http://www.w3.org/2001/XMLSchema-instance" xsi:noNamespaceSchemaLocation="https://maven.apache.org/surefire/maven-surefire-plugin/xsd/surefire-test-report-3.0.xsd" version="3.0" name="at.czlabinger.AppTest" time="0.03" tests="1" errors="0" skipped="0" failures="0">
  <properties>
    <property name="java.specification.version" value="21"/>
    <property name="sun.jnu.encoding" value="UTF-8"/>
    <property name="java.class.path" value="/home/stoffi05/Documents/School/4xHIT/SYT/DZS/gRPC/server/target/test-classes:/home/stoffi05/Documents/School/4xHIT/SYT/DZS/gRPC/server/target/classes:/home/stoffi05/.m2/repository/junit/junit/4.11/junit-4.11.jar:/home/stoffi05/.m2/repository/org/hamcrest/hamcrest-core/1.3/hamcrest-core-1.3.jar:/home/stoffi05/.m2/repository/javax/annotation/javax.annotation-api/1.2/javax.annotation-api-1.2.jar:/home/stoffi05/.m2/repository/com/google/protobuf/protobuf-java/4.26.0-RC2/protobuf-java-4.26.0-RC2.jar:/home/stoffi05/.m2/repository/io/grpc/grpc-netty-shaded/1.61.1/grpc-netty-shaded-1.61.1.jar:/home/stoffi05/.m2/repository/io/grpc/grpc-core/1.61.1/grpc-core-1.61.1.jar:/home/stoffi05/.m2/repository/com/google/code/gson/gson/2.10.1/gson-2.10.1.jar:/home/stoffi05/.m2/repository/com/google/android/annotations/4.1.1.4/annotations-4.1.1.4.jar:/home/stoffi05/.m2/repository/org/codehaus/mojo/animal-sniffer-annotations/1.23/animal-sniffer-annotations-1.23.jar:/home/stoffi05/.m2/repository/io/grpc/grpc-context/1.61.1/grpc-context-1.61.1.jar:/home/stoffi05/.m2/repository/io/grpc/grpc-util/1.61.1/grpc-util-1.61.1.jar:/home/stoffi05/.m2/repository/com/google/guava/guava/32.1.3-android/guava-32.1.3-android.jar:/home/stoffi05/.m2/repository/com/google/guava/failureaccess/1.0.1/failureaccess-1.0.1.jar:/home/stoffi05/.m2/repository/com/google/guava/listenablefuture/9999.0-empty-to-avoid-conflict-with-guava/listenablefuture-9999.0-empty-to-avoid-conflict-with-guava.jar:/home/stoffi05/.m2/repository/org/checkerframework/checker-qual/3.37.0/checker-qual-3.37.0.jar:/home/stoffi05/.m2/repository/com/google/j2objc/j2objc-annotations/2.8/j2objc-annotations-2.8.jar:/home/stoffi05/.m2/repository/com/google/errorprone/error_prone_annotations/2.23.0/error_prone_annotations-2.23.0.jar:/home/stoffi05/.m2/repository/io/perfmark/perfmark-api/0.26.0/perfmark-api-0.26.0.jar:/home/stoffi05/.m2/repository/io/grpc/grpc-api/1.61.1/grpc-api-1.61.1.jar:/home/stoffi05/.m2/repository/io/grpc/grpc-protobuf/1.61.1/grpc-protobuf-1.61.1.jar:/home/stoffi05/.m2/repository/com/google/code/findbugs/jsr305/3.0.2/jsr305-3.0.2.jar:/home/stoffi05/.m2/repository/com/google/api/grpc/proto-google-common-protos/2.29.0/proto-google-common-protos-2.29.0.jar:/home/stoffi05/.m2/repository/io/grpc/grpc-protobuf-lite/1.61.1/grpc-protobuf-lite-1.61.1.jar:/home/stoffi05/.m2/repository/io/grpc/grpc-stub/1.61.1/grpc-stub-1.61.1.jar:"/>
    <property name="java.vm.vendor" value="Oracle Corporation"/>
    <property name="sun.arch.data.model" value="64"/>
    <property name="java.vendor.url" value="https://java.oracle.com/"/>
    <property name="os.name" value="Linux"/>
    <property name="java.vm.specification.version" value="21"/>
    <property name="sun.java.launcher" value="SUN_STANDARD"/>
    <property name="user.country" value="US"/>
    <property name="sun.boot.library.path" value="/home/stoffi05/.jdks/openjdk-21/lib"/>
    <property name="sun.java.command" value="/home/stoffi05/Documents/School/4xHIT/SYT/DZS/gRPC/server/target/surefire/surefirebooter-20240213231646276_3.jar /home/stoffi05/Documents/School/4xHIT/SYT/DZS/gRPC/server/target/surefire 2024-02-13T23-16-45_046-jvmRun1 surefire-20240213231646276_1tmp surefire_0-20240213231646276_2tmp"/>
    <property name="jdk.debug" value="release"/>
    <property name="surefire.test.class.path" value="/home/stoffi05/Documents/School/4xHIT/SYT/DZS/gRPC/server/target/test-classes:/home/stoffi05/Documents/School/4xHIT/SYT/DZS/gRPC/server/target/classes:/home/stoffi05/.m2/repository/junit/junit/4.11/junit-4.11.jar:/home/stoffi05/.m2/repository/org/hamcrest/hamcrest-core/1.3/hamcrest-core-1.3.jar:/home/stoffi05/.m2/repository/javax/annotation/javax.annotation-api/1.2/javax.annotation-api-1.2.jar:/home/stoffi05/.m2/repository/com/google/protobuf/protobuf-java/4.26.0-RC2/protobuf-java-4.26.0-RC2.jar:/home/stoffi05/.m2/repository/io/grpc/grpc-netty-shaded/1.61.1/grpc-netty-shaded-1.61.1.jar:/home/stoffi05/.m2/repository/io/grpc/grpc-core/1.61.1/grpc-core-1.61.1.jar:/home/stoffi05/.m2/repository/com/google/code/gson/gson/2.10.1/gson-2.10.1.jar:/home/stoffi05/.m2/repository/com/google/android/annotations/4.1.1.4/annotations-4.1.1.4.jar:/home/stoffi05/.m2/repository/org/codehaus/mojo/animal-sniffer-annotations/1.23/animal-sniffer-annotations-1.23.jar:/home/stoffi05/.m2/repository/io/grpc/grpc-context/1.61.1/grpc-context-1.61.1.jar:/home/stoffi05/.m2/repository/io/grpc/grpc-util/1.61.1/grpc-util-1.61.1.jar:/home/stoffi05/.m2/repository/com/google/guava/guava/32.1.3-android/guava-32.1.3-android.jar:/home/stoffi05/.m2/repository/com/google/guava/failureaccess/1.0.1/failureaccess-1.0.1.jar:/home/stoffi05/.m2/repository/com/google/guava/listenablefuture/9999.0-empty-to-avoid-conflict-with-guava/listenablefuture-9999.0-empty-to-avoid-conflict-with-guava.jar:/home/stoffi05/.m2/repository/org/checkerframework/checker-qual/3.37.0/checker-qual-3.37.0.jar:/home/stoffi05/.m2/repository/com/google/j2objc/j2objc-annotations/2.8/j2objc-annotations-2.8.jar:/home/stoffi05/.m2/repository/com/google/errorprone/error_prone_annotations/2.23.0/error_prone_annotations-2.23.0.jar:/home/stoffi05/.m2/repository/io/perfmark/perfmark-api/0.26.0/perfmark-api-0.26.0.jar:/home/stoffi05/.m2/repository/io/grpc/grpc-api/1.61.1/grpc-api-1.61.1.jar:/home/stoffi05/.m2/repository/io/grpc/grpc-protobuf/1.61.1/grpc-protobuf-1.61.1.jar:/home/stoffi05/.m2/repository/com/google/code/findbugs/jsr305/3.0.2/jsr305-3.0.2.jar:/home/stoffi05/.m2/repository/com/google/api/grpc/proto-google-common-protos/2.29.0/proto-google-common-protos-2.29.0.jar:/home/stoffi05/.m2/repository/io/grpc/grpc-protobuf-lite/1.61.1/grpc-protobuf-lite-1.61.1.jar:/home/stoffi05/.m2/repository/io/grpc/grpc-stub/1.61.1/grpc-stub-1.61.1.jar:"/>
    <property name="sun.cpu.endian" value="little"/>
    <property name="user.home" value="/home/stoffi05"/>
    <property name="user.language" value="en"/>
    <property name="java.specification.vendor" value="Oracle Corporation"/>
    <property name="java.version.date" value="2023-09-19"/>
    <property name="java.home" value="/home/stoffi05/.jdks/openjdk-21"/>
    <property name="file.separator" value="/"/>
    <property name="basedir" value="/home/stoffi05/Documents/School/4xHIT/SYT/DZS/gRPC/server"/>
    <property name="java.vm.compressedOopsMode" value="Zero based"/>
    <property name="line.separator" value="&#10;"/>
    <property name="java.specification.name" value="Java Platform API Specification"/>
    <property name="java.vm.specification.vendor" value="Oracle Corporation"/>
    <property name="surefire.real.class.path" value="/home/stoffi05/Documents/School/4xHIT/SYT/DZS/gRPC/server/target/surefire/surefirebooter-20240213231646276_3.jar"/>
    <property name="sun.management.compiler" value="HotSpot 64-Bit Tiered Compilers"/>
    <property name="java.runtime.version" value="21+35-2513"/>
    <property name="user.name" value="stoffi05"/>
    <property name="stdout.encoding" value="UTF-8"/>
    <property name="path.separator" value=":"/>
    <property name="os.version" value="6.7.4-zen1-1-zen"/>
    <property name="java.runtime.name" value="OpenJDK Runtime Environment"/>
    <property name="file.encoding" value="UTF-8"/>
    <property name="java.vm.name" value="OpenJDK 64-Bit Server VM"/>
    <property name="localRepository" value="/home/stoffi05/.m2/repository"/>
    <property name="java.vendor.url.bug" value="https://bugreport.java.com/bugreport/"/>
    <property name="java.io.tmpdir" value="/tmp"/>
    <property name="idea.version" value="2023.3.3"/>
    <property name="java.version" value="21"/>
    <property name="user.dir" value="/home/stoffi05/Documents/School/4xHIT/SYT/DZS/gRPC/server"/>
    <property name="os.arch" value="amd64"/>
    <property name="java.vm.specification.name" value="Java Virtual Machine Specification"/>
    <property name="native.encoding" value="UTF-8"/>
    <property name="java.library.path" value="/usr/java/packages/lib:/usr/lib64:/lib64:/lib:/usr/lib"/>
    <property name="java.vm.info" value="mixed mode, sharing"/>
    <property name="stderr.encoding" value="UTF-8"/>
    <property name="java.vendor" value="Oracle Corporation"/>
    <property name="java.vm.version" value="21+35-2513"/>
    <property name="sun.io.unicode.encoding" value="UnicodeLittle"/>
    <property name="java.class.version" value="65.0"/>
  </properties>
  <testcase name="shouldAnswerWithTrue" classname="at.czlabinger.AppTest" time="0.002"/>
</testsuite>